{
  message: 'Database connection disconnected',
  level: 'info',
  label: 'Birthdates API',
  timestamp: '2021-08-27T20:36:39.910Z'
}
{
  message: 'Database Connection FailedError: Slash in host identifier',
  level: 'info',
  label: 'Birthdates API',
  timestamp: '2021-08-27T20:36:39.916Z'
}
{
  message: 'Database connection disconnected',
  level: 'info',
  label: 'Birthdates API',
  timestamp: '2021-08-29T11:13:25.149Z'
}
{
  message: 'Database Connection FailedError: Slash in host identifier',
  level: 'info',
  label: 'Birthdates API',
  timestamp: '2021-08-29T11:13:25.155Z'
}
{
  message: 'Database connection disconnected',
  level: 'info',
  label: 'Birthdates API',
  timestamp: '2021-08-29T11:18:29.541Z'
}
{
  message: 'Database Connection FailedError: Slash in host identifier',
  level: 'info',
  label: 'Birthdates API',
  timestamp: '2021-08-29T11:18:29.546Z'
}
{
  message: 'Database Connection was Successful',
  level: 'info',
  label: 'Birthdates API',
  timestamp: '2021-08-29T11:22:04.608Z'
}
{
  message: 'Database Connection closed due to NodeJs process termination',
  level: 'info',
  label: 'Birthdates API',
  timestamp: '2021-08-29T11:22:07.515Z'
}
{
  message: 'Database Connection was Successful',
  level: 'info',
  label: 'Birthdates API',
  timestamp: '2021-08-29T11:22:12.123Z'
}
{
  message: 'Database Connection was Successful',
  level: 'info',
  label: 'Birthdates API',
  timestamp: '2021-08-29T11:22:41.369Z'
}
{
  message: 'Database Connection was Successful',
  level: 'info',
  label: 'Birthdates API',
  timestamp: '2021-08-29T11:27:46.181Z'
}
{
  message: 'Database Connection was Successful',
  level: 'info',
  label: 'Restify API',
  timestamp: '2021-08-29T11:35:38.249Z'
}
{
  message: 'Database Connection was Successful',
  level: 'info',
  label: 'Restify API',
  timestamp: '2021-08-29T11:39:41.767Z'
}
{
  message: 'Database Connection was Successful',
  level: 'info',
  label: 'Restify API',
  timestamp: '2021-08-29T11:44:55.040Z'
}
{
  message: 'Database Connection was Successful',
  level: 'info',
  label: 'Restify API',
  timestamp: '2021-08-29T11:45:18.218Z'
}
{
  message: 'Database Connection was Successful',
  level: 'info',
  label: 'Restify API',
  timestamp: '2021-08-29T11:46:30.654Z'
}
{
  message: 'Database Connection was Successful',
  level: 'info',
  label: 'Restify API',
  timestamp: '2021-08-29T11:47:03.840Z'
}
{
  message: 'Database Connection was Successful',
  level: 'info',
  label: 'Restify API',
  timestamp: '2021-08-29T11:47:48.984Z'
}
{
  message: 'Database Connection closed due to NodeJs process termination',
  level: 'info',
  label: 'Restify API',
  timestamp: '2021-08-29T11:48:16.549Z'
}
{
  message: 'Database Connection was Successful',
  level: 'info',
  label: 'Restify API',
  timestamp: '2021-08-29T11:48:21.232Z'
}
{
  message: 'Database Connection was Successful',
  level: 'info',
  label: 'Restify API',
  timestamp: '2021-08-29T11:58:32.332Z'
}
{
  message: 'Database Connection was Successful',
  level: 'info',
  label: 'Restify API',
  timestamp: '2021-08-29T11:58:39.732Z'
}
